<?xml version="1.0" encoding="UTF-8"?>
<!-- Generated by org.testng.reporters.JUnitReportReporter -->
<testsuite hostname="LTIN508068" failures="0" tests="3" name="testrunner.TestRunner" time="84.333" errors="0" timestamp="2024-04-17T15:44:34 IST" skipped="0">
  <testcase classname="testrunner.TestRunner" name="runScenario" time="18.529"/>
  <testcase classname="testrunner.TestRunner" name="runScenario" time="47.265"/>
  <testcase classname="testrunner.TestRunner" name="runScenario" time="18.539"/>
</testsuite> <!-- testrunner.TestRunner -->
