<?xml version="1.0" encoding="UTF-8"?>
<!-- Generated by org.testng.reporters.JUnitReportReporter -->
<testsuite hostname="LTIN508068" failures="0" tests="10" name="testScenario.TC_HotelsPage" time="29.227" errors="0" timestamp="2024-04-15T15:12:01 IST" skipped="0">
  <testcase classname="testScenario.TC_HotelsPage" name="clickonHotelsTestCase" time="0.185"/>
  <testcase classname="testScenario.TC_HotelsPage" name="selectCityTestCase" time="3.333"/>
  <testcase classname="testScenario.TC_HotelsPage" name="selectCheckoutDateTestCase" time="0.807"/>
  <testcase classname="testScenario.TC_HotelsPage" name="clickonTravellerDropDownTestCase" time="0.097"/>
  <testcase classname="testScenario.TC_HotelsPage" name="addTravellersTestCase" time="0.146"/>
  <testcase classname="testScenario.TC_HotelsPage" name="clickonSearchButtonTestCase" time="8.339"/>
  <testcase classname="testScenario.TC_HotelsPage" name="clickonUserRatingTestCase" time="0.311"/>
  <testcase classname="testScenario.TC_HotelsPage" name="selectAllAminitiesTestCase" time="11.799"/>
  <testcase classname="testScenario.TC_HotelsPage" name="displayHotelNamesAndPricesTestCase" time="3.273"/>
  <testcase classname="testScenario.TC_HotelsPage" name="navigateHomepageTestCase" time="0.937"/>
</testsuite> <!-- testScenario.TC_HotelsPage -->
