<?xml version="1.0" encoding="UTF-8"?>
<!-- Generated by org.testng.reporters.JUnitReportReporter -->
<testsuite hostname="LTIN508068" failures="0" tests="5" name="testScenario.TC_CruisePage" time="6.710" errors="0" timestamp="2024-04-16T15:40:09 IST" skipped="0">
  <testcase classname="testScenario.TC_CruisePage" name="moveToMoreTestCase" time="0.158"/>
  <testcase classname="testScenario.TC_CruisePage" name="selectCruiseFromMoreListTestCase" time="0.610"/>
  <testcase classname="testScenario.TC_CruisePage" name="clickonReadMoreTestCase" time="3.081"/>
  <testcase classname="testScenario.TC_CruisePage" name="printInclusionPointsTestCase" time="0.280"/>
  <testcase classname="testScenario.TC_CruisePage" name="navigate2TestCase" time="2.581"/>
</testsuite> <!-- testScenario.TC_CruisePage -->
