<?xml version="1.0" encoding="UTF-8"?>
<!-- Generated by org.testng.reporters.JUnitReportReporter -->
<testsuite hostname="LTIN508068" failures="0" tests="21" name="testScenario.TC_HomePage" time="36.614" errors="0" timestamp="2024-04-11T18:55:10 IST" skipped="0">
  <testcase classname="testScenario.TC_HomePage" name="clickonHotelsTestCase" time="3.162"/>
  <testcase classname="testScenario.TC_HomePage" name="selectCityTestCase" time="3.392"/>
  <testcase classname="testScenario.TC_HomePage" name="selectCheckoutDateTestCase" time="0.964"/>
  <testcase classname="testScenario.TC_HomePage" name="clickonTravellerDropDownTestCase" time="0.107"/>
  <testcase classname="testScenario.TC_HomePage" name="addTravellersTestCase" time="0.164"/>
  <testcase classname="testScenario.TC_HomePage" name="clickonSearchButtonTestCase" time="5.430"/>
  <testcase classname="testScenario.TC_HomePage" name="clickonUserRatingTestCase" time="0.369"/>
  <testcase classname="testScenario.TC_HomePage" name="selectAllAminitiesTestCase" time="9.023"/>
  <testcase classname="testScenario.TC_HomePage" name="displayHotelNamesAndPricesTestCase" time="3.226"/>
  <testcase classname="testScenario.TC_HomePage" name="navigateHomepageTestCase" time="0.922"/>
  <testcase classname="testScenario.TC_HomePage" name="moveToMoreTestCase" time="0.438"/>
  <testcase classname="testScenario.TC_HomePage" name="selectCruiseFromMoreListTestCase" time="0.589"/>
  <testcase classname="testScenario.TC_HomePage" name="clickonReadMoreTestCase" time="1.242"/>
  <testcase classname="testScenario.TC_HomePage" name="scrollTestCase1" time="0.138"/>
  <testcase classname="testScenario.TC_HomePage" name="printInclusionPointsTestCase" time="0.050"/>
  <testcase classname="testScenario.TC_HomePage" name="navigate2TestCase" time="1.570"/>
  <testcase classname="testScenario.TC_HomePage" name="moveToMore2TestCase" time="0.510"/>
  <testcase classname="testScenario.TC_HomePage" name="selectGiftFromMoreListTestCase" time="0.786"/>
  <testcase classname="testScenario.TC_HomePage" name="switchToGiftVoucherTestCase" time="0.069"/>
  <testcase classname="testScenario.TC_HomePage" name="checkForPhoneToolTipTestCase" time="2.843"/>
  <testcase classname="testScenario.TC_HomePage" name="checkForEmailToolTipTestCase" time="1.620"/>
</testsuite> <!-- testScenario.TC_HomePage -->
