<?xml version="1.0" encoding="UTF-8"?>
<!-- Generated by org.testng.reporters.JUnitReportReporter -->
<testsuite hostname="LTIN508068" failures="0" tests="3" name="testrunner.TestRunner" time="61.302" errors="0" timestamp="2024-04-16T20:01:39 IST" skipped="0">
  <testcase classname="testrunner.TestRunner" name="runScenario" time="14.723"/>
  <testcase classname="testrunner.TestRunner" name="runScenario" time="10.504"/>
  <testcase classname="testrunner.TestRunner" name="runScenario" time="36.075"/>
</testsuite> <!-- testrunner.TestRunner -->
