<?xml version="1.0" encoding="UTF-8"?>
<!-- Generated by org.testng.reporters.JUnitReportReporter -->
<testsuite hostname="LTIN508068" failures="0" tests="10" name="testScenario.TC_GiftVoucherPage" time="8.327" errors="0" timestamp="2024-04-12T16:21:20 IST" skipped="0">
  <testcase classname="testScenario.TC_GiftVoucherPage" name="moveToMore2TestCase" time="0.148"/>
  <testcase classname="testScenario.TC_GiftVoucherPage" name="moveToMore2TestCase" time="0.144"/>
  <testcase classname="testScenario.TC_GiftVoucherPage" name="selectGiftFromMoreListTestCase" time="0.691"/>
  <testcase classname="testScenario.TC_GiftVoucherPage" name="selectGiftFromMoreListTestCase" time="0.595"/>
  <testcase classname="testScenario.TC_GiftVoucherPage" name="switchToGiftVoucherTestCase" time="0.506"/>
  <testcase classname="testScenario.TC_GiftVoucherPage" name="switchToGiftVoucherTestCase" time="0.251"/>
  <testcase classname="testScenario.TC_GiftVoucherPage" name="checkForPhoneToolTipTestCase" time="1.598"/>
  <testcase classname="testScenario.TC_GiftVoucherPage" name="checkForPhoneToolTipTestCase" time="1.421"/>
  <testcase classname="testScenario.TC_GiftVoucherPage" name="checkForEmailToolTipTestCase" time="1.439"/>
  <testcase classname="testScenario.TC_GiftVoucherPage" name="checkForEmailToolTipTestCase" time="1.534"/>
</testsuite> <!-- testScenario.TC_GiftVoucherPage -->
