<?xml version="1.0" encoding="UTF-8"?>
<!-- Generated by org.testng.reporters.JUnitReportReporter -->
<testsuite hostname="LTIN508068" failures="0" tests="10" name="testScenario.TC_CruisePage" time="10.776" errors="0" timestamp="2024-04-17T20:34:03 IST" skipped="0">
  <testcase classname="testScenario.TC_CruisePage" name="moveToMoreTestCase" time="0.174"/>
  <testcase classname="testScenario.TC_CruisePage" name="moveToMoreTestCase" time="0.150"/>
  <testcase classname="testScenario.TC_CruisePage" name="selectCruiseFromMoreListTestCase" time="0.748"/>
  <testcase classname="testScenario.TC_CruisePage" name="selectCruiseFromMoreListTestCase" time="0.546"/>
  <testcase classname="testScenario.TC_CruisePage" name="clickonReadMoreTestCase" time="1.846"/>
  <testcase classname="testScenario.TC_CruisePage" name="clickonReadMoreTestCase" time="1.175"/>
  <testcase classname="testScenario.TC_CruisePage" name="printInclusionPointsTestCase" time="0.035"/>
  <testcase classname="testScenario.TC_CruisePage" name="printInclusionPointsTestCase" time="0.045"/>
  <testcase classname="testScenario.TC_CruisePage" name="navigate2TestCase" time="4.212"/>
  <testcase classname="testScenario.TC_CruisePage" name="navigate2TestCase" time="1.845"/>
</testsuite> <!-- testScenario.TC_CruisePage -->
