<?xml version="1.0" encoding="UTF-8"?>
<!-- Generated by org.testng.reporters.JUnitReportReporter -->
<testsuite hostname="LTIN508068" failures="0" tests="10" name="testScenario.TC_GiftVoucherPage" time="9.868" errors="0" timestamp="2024-04-17T20:34:03 IST" skipped="0">
  <testcase classname="testScenario.TC_GiftVoucherPage" name="moveToMore2TestCase" time="0.149"/>
  <testcase classname="testScenario.TC_GiftVoucherPage" name="moveToMore2TestCase" time="0.148"/>
  <testcase classname="testScenario.TC_GiftVoucherPage" name="selectGiftFromMoreListTestCase" time="0.819"/>
  <testcase classname="testScenario.TC_GiftVoucherPage" name="selectGiftFromMoreListTestCase" time="1.016"/>
  <testcase classname="testScenario.TC_GiftVoucherPage" name="switchToGiftVoucherTestCase" time="0.032"/>
  <testcase classname="testScenario.TC_GiftVoucherPage" name="switchToGiftVoucherTestCase" time="0.035"/>
  <testcase classname="testScenario.TC_GiftVoucherPage" name="checkForPhoneToolTipTestCase" time="1.952"/>
  <testcase classname="testScenario.TC_GiftVoucherPage" name="checkForPhoneToolTipTestCase" time="2.336"/>
  <testcase classname="testScenario.TC_GiftVoucherPage" name="checkForEmailToolTipTestCase" time="1.731"/>
  <testcase classname="testScenario.TC_GiftVoucherPage" name="checkForEmailToolTipTestCase" time="1.650"/>
</testsuite> <!-- testScenario.TC_GiftVoucherPage -->
