<?xml version="1.0" encoding="UTF-8"?>
<!-- Generated by org.testng.reporters.JUnitReportReporter -->
<testsuite hostname="LTIN508068" failures="0" tests="10" name="testScenario.TC_HotelsPage" time="30.723" errors="0" timestamp="2024-04-16T15:40:09 IST" skipped="0">
  <testcase classname="testScenario.TC_HotelsPage" name="clickonHotelsTestCase" time="6.687"/>
  <testcase classname="testScenario.TC_HotelsPage" name="selectCityTestCase" time="3.711"/>
  <testcase classname="testScenario.TC_HotelsPage" name="selectCheckoutDateTestCase" time="0.678"/>
  <testcase classname="testScenario.TC_HotelsPage" name="clickonTravellerDropDownTestCase" time="0.065"/>
  <testcase classname="testScenario.TC_HotelsPage" name="addTravellersTestCase" time="0.176"/>
  <testcase classname="testScenario.TC_HotelsPage" name="clickonSearchButtonTestCase" time="2.654"/>
  <testcase classname="testScenario.TC_HotelsPage" name="clickonUserRatingTestCase" time="1.480"/>
  <testcase classname="testScenario.TC_HotelsPage" name="selectAllAminitiesTestCase" time="10.821"/>
  <testcase classname="testScenario.TC_HotelsPage" name="displayHotelNamesAndPricesTestCase" time="3.078"/>
  <testcase classname="testScenario.TC_HotelsPage" name="navigateHomepageTestCase" time="1.373"/>
</testsuite> <!-- testScenario.TC_HotelsPage -->
