<?xml version="1.0" encoding="UTF-8"?>
<!-- Generated by org.testng.reporters.JUnitReportReporter -->
<testsuite hostname="LTIN508068" failures="0" tests="3" name="testrunner.TestRunner" time="87.808" errors="0" timestamp="2024-04-18T15:46:54 IST" skipped="0">
  <testcase classname="testrunner.TestRunner" name="runScenario" time="21.787"/>
  <testcase classname="testrunner.TestRunner" name="runScenario" time="19.073"/>
  <testcase classname="testrunner.TestRunner" name="runScenario" time="46.948"/>
</testsuite> <!-- testrunner.TestRunner -->
