<?xml version="1.0" encoding="UTF-8"?>
<!-- Generated by org.testng.reporters.JUnitReportReporter -->
<testsuite hostname="LTIN508068" failures="0" tests="10" name="testScenario.TC_CruisePage" time="6.395" errors="0" timestamp="2024-04-12T16:21:20 IST" skipped="0">
  <testcase classname="testScenario.TC_CruisePage" name="moveToMoreTestCase" time="0.135"/>
  <testcase classname="testScenario.TC_CruisePage" name="moveToMoreTestCase" time="0.138"/>
  <testcase classname="testScenario.TC_CruisePage" name="selectCruiseFromMoreListTestCase" time="0.554"/>
  <testcase classname="testScenario.TC_CruisePage" name="selectCruiseFromMoreListTestCase" time="0.655"/>
  <testcase classname="testScenario.TC_CruisePage" name="clickonReadMoreTestCase" time="1.175"/>
  <testcase classname="testScenario.TC_CruisePage" name="clickonReadMoreTestCase" time="1.271"/>
  <testcase classname="testScenario.TC_CruisePage" name="printInclusionPointsTestCase" time="0.110"/>
  <testcase classname="testScenario.TC_CruisePage" name="printInclusionPointsTestCase" time="0.188"/>
  <testcase classname="testScenario.TC_CruisePage" name="navigate2TestCase" time="1.079"/>
  <testcase classname="testScenario.TC_CruisePage" name="navigate2TestCase" time="1.090"/>
</testsuite> <!-- testScenario.TC_CruisePage -->
