<?xml version="1.0" encoding="UTF-8"?>
<!-- Generated by org.testng.reporters.JUnitReportReporter -->
<testsuite hostname="LTIN508068" failures="0" tests="20" name="testScenario.TC_HomePage" time="30.643" errors="0" timestamp="2024-04-11T20:01:51 IST" skipped="0">
  <testcase classname="testScenario.TC_HomePage" name="clickonHotelsTestCase" time="0.119"/>
  <testcase classname="testScenario.TC_HomePage" name="selectCityTestCase" time="3.270"/>
  <testcase classname="testScenario.TC_HomePage" name="selectCheckoutDateTestCase" time="0.727"/>
  <testcase classname="testScenario.TC_HomePage" name="clickonTravellerDropDownTestCase" time="0.058"/>
  <testcase classname="testScenario.TC_HomePage" name="addTravellersTestCase" time="0.097"/>
  <testcase classname="testScenario.TC_HomePage" name="clickonSearchButtonTestCase" time="5.484"/>
  <testcase classname="testScenario.TC_HomePage" name="clickonUserRatingTestCase" time="0.246"/>
  <testcase classname="testScenario.TC_HomePage" name="selectAllAminitiesTestCase" time="9.245"/>
  <testcase classname="testScenario.TC_HomePage" name="displayHotelNamesAndPricesTestCase" time="3.211"/>
  <testcase classname="testScenario.TC_HomePage" name="navigateHomepageTestCase" time="0.921"/>
  <testcase classname="testScenario.TC_HomePage" name="moveToMoreTestCase" time="0.184"/>
  <testcase classname="testScenario.TC_HomePage" name="selectCruiseFromMoreListTestCase" time="0.609"/>
  <testcase classname="testScenario.TC_HomePage" name="clickonReadMoreTestCase" time="0.637"/>
  <testcase classname="testScenario.TC_HomePage" name="printInclusionPointsTestCase" time="0.150"/>
  <testcase classname="testScenario.TC_HomePage" name="navigate2TestCase" time="0.848"/>
  <testcase classname="testScenario.TC_HomePage" name="moveToMore2TestCase" time="0.290"/>
  <testcase classname="testScenario.TC_HomePage" name="selectGiftFromMoreListTestCase" time="0.602"/>
  <testcase classname="testScenario.TC_HomePage" name="switchToGiftVoucherTestCase" time="0.044"/>
  <testcase classname="testScenario.TC_HomePage" name="checkForPhoneToolTipTestCase" time="2.455"/>
  <testcase classname="testScenario.TC_HomePage" name="checkForEmailToolTipTestCase" time="1.446"/>
</testsuite> <!-- testScenario.TC_HomePage -->
