<?xml version="1.0" encoding="UTF-8"?>
<!-- Generated by org.testng.reporters.JUnitReportReporter -->
<testsuite hostname="LTIN508068" failures="0" tests="20" name="testScenario.TC_HotelsPage" time="55.037" errors="0" timestamp="2024-04-18T16:30:33 IST" skipped="0">
  <testcase classname="testScenario.TC_HotelsPage" name="clickonHotelsTestCase" time="0.164"/>
  <testcase classname="testScenario.TC_HotelsPage" name="clickonHotelsTestCase" time="0.073"/>
  <testcase classname="testScenario.TC_HotelsPage" name="selectCityTestCase" time="4.482"/>
  <testcase classname="testScenario.TC_HotelsPage" name="selectCityTestCase" time="4.415"/>
  <testcase classname="testScenario.TC_HotelsPage" name="selectCheckoutDateTestCase" time="0.677"/>
  <testcase classname="testScenario.TC_HotelsPage" name="selectCheckoutDateTestCase" time="0.633"/>
  <testcase classname="testScenario.TC_HotelsPage" name="clickonTravellerDropDownTestCase" time="0.064"/>
  <testcase classname="testScenario.TC_HotelsPage" name="clickonTravellerDropDownTestCase" time="0.055"/>
  <testcase classname="testScenario.TC_HotelsPage" name="addTravellersTestCase" time="0.120"/>
  <testcase classname="testScenario.TC_HotelsPage" name="addTravellersTestCase" time="0.097"/>
  <testcase classname="testScenario.TC_HotelsPage" name="clickonSearchButtonTestCase" time="2.843"/>
  <testcase classname="testScenario.TC_HotelsPage" name="clickonSearchButtonTestCase" time="2.916"/>
  <testcase classname="testScenario.TC_HotelsPage" name="clickonUserRatingTestCase" time="5.012"/>
  <testcase classname="testScenario.TC_HotelsPage" name="clickonUserRatingTestCase" time="0.663"/>
  <testcase classname="testScenario.TC_HotelsPage" name="selectAllAminitiesTestCase" time="11.793"/>
  <testcase classname="testScenario.TC_HotelsPage" name="selectAllAminitiesTestCase" time="11.573"/>
  <testcase classname="testScenario.TC_HotelsPage" name="displayHotelNamesAndPricesTestCase" time="3.174"/>
  <testcase classname="testScenario.TC_HotelsPage" name="displayHotelNamesAndPricesTestCase" time="3.100"/>
  <testcase classname="testScenario.TC_HotelsPage" name="navigateHomepageTestCase" time="1.481"/>
  <testcase classname="testScenario.TC_HotelsPage" name="navigateHomepageTestCase" time="1.702"/>
</testsuite> <!-- testScenario.TC_HotelsPage -->
