<?xml version="1.0" encoding="UTF-8"?>
<!-- Generated by org.testng.reporters.JUnitReportReporter -->
<testsuite hostname="LTIN508068" failures="0" tests="2" name="testScenario.TC_HomePage" time="6.812" errors="0" timestamp="2024-04-10T17:52:48 IST" skipped="0">
  <testcase classname="testScenario.TC_HomePage" name="clickOnHotelsTestCase" time="4.220"/>
  <testcase classname="testScenario.TC_HomePage" name="sendValueTestCase" time="2.592"/>
</testsuite> <!-- testScenario.TC_HomePage -->
