<?xml version="1.0" encoding="UTF-8"?>
<!-- Generated by org.testng.reporters.JUnitReportReporter -->
<testsuite hostname="LTIN508068" failures="0" tests="10" name="testScenario.TC_CruisePage" time="6.777" errors="0" timestamp="2024-04-13T10:36:55 IST" skipped="0">
  <testcase classname="testScenario.TC_CruisePage" name="moveToMoreTestCase" time="0.407"/>
  <testcase classname="testScenario.TC_CruisePage" name="moveToMoreTestCase" time="0.277"/>
  <testcase classname="testScenario.TC_CruisePage" name="selectCruiseFromMoreListTestCase" time="0.685"/>
  <testcase classname="testScenario.TC_CruisePage" name="selectCruiseFromMoreListTestCase" time="0.543"/>
  <testcase classname="testScenario.TC_CruisePage" name="clickonReadMoreTestCase" time="0.804"/>
  <testcase classname="testScenario.TC_CruisePage" name="clickonReadMoreTestCase" time="0.961"/>
  <testcase classname="testScenario.TC_CruisePage" name="printInclusionPointsTestCase" time="0.197"/>
  <testcase classname="testScenario.TC_CruisePage" name="printInclusionPointsTestCase" time="0.166"/>
  <testcase classname="testScenario.TC_CruisePage" name="navigate2TestCase" time="1.384"/>
  <testcase classname="testScenario.TC_CruisePage" name="navigate2TestCase" time="1.353"/>
</testsuite> <!-- testScenario.TC_CruisePage -->
