<?xml version="1.0" encoding="UTF-8"?>
<!-- Generated by org.testng.reporters.JUnitReportReporter -->
<testsuite hostname="LTIN508068" failures="0" tests="10" name="testScenario.TC_GiftVoucherPage" time="12.771" errors="0" timestamp="2024-04-13T10:36:55 IST" skipped="0">
  <testcase classname="testScenario.TC_GiftVoucherPage" name="moveToMore2TestCase" time="0.459"/>
  <testcase classname="testScenario.TC_GiftVoucherPage" name="moveToMore2TestCase" time="0.422"/>
  <testcase classname="testScenario.TC_GiftVoucherPage" name="selectGiftFromMoreListTestCase" time="0.707"/>
  <testcase classname="testScenario.TC_GiftVoucherPage" name="selectGiftFromMoreListTestCase" time="1.167"/>
  <testcase classname="testScenario.TC_GiftVoucherPage" name="switchToGiftVoucherTestCase" time="0.034"/>
  <testcase classname="testScenario.TC_GiftVoucherPage" name="switchToGiftVoucherTestCase" time="0.168"/>
  <testcase classname="testScenario.TC_GiftVoucherPage" name="checkForPhoneToolTipTestCase" time="2.754"/>
  <testcase classname="testScenario.TC_GiftVoucherPage" name="checkForPhoneToolTipTestCase" time="3.579"/>
  <testcase classname="testScenario.TC_GiftVoucherPage" name="checkForEmailToolTipTestCase" time="1.861"/>
  <testcase classname="testScenario.TC_GiftVoucherPage" name="checkForEmailToolTipTestCase" time="1.620"/>
</testsuite> <!-- testScenario.TC_GiftVoucherPage -->
