<?xml version="1.0" encoding="UTF-8"?>
<!-- Generated by org.testng.reporters.JUnitReportReporter -->
<testsuite hostname="LTIN508068" failures="0" tests="10" name="testScenario.TC_CruisePage" time="14.155" errors="0" timestamp="2024-04-18T16:30:33 IST" skipped="0">
  <testcase classname="testScenario.TC_CruisePage" name="moveToMoreTestCase" time="0.182"/>
  <testcase classname="testScenario.TC_CruisePage" name="moveToMoreTestCase" time="0.152"/>
  <testcase classname="testScenario.TC_CruisePage" name="selectCruiseFromMoreListTestCase" time="0.555"/>
  <testcase classname="testScenario.TC_CruisePage" name="selectCruiseFromMoreListTestCase" time="0.733"/>
  <testcase classname="testScenario.TC_CruisePage" name="clickonReadMoreTestCase" time="3.517"/>
  <testcase classname="testScenario.TC_CruisePage" name="clickonReadMoreTestCase" time="3.854"/>
  <testcase classname="testScenario.TC_CruisePage" name="printInclusionPointsTestCase" time="0.034"/>
  <testcase classname="testScenario.TC_CruisePage" name="printInclusionPointsTestCase" time="0.031"/>
  <testcase classname="testScenario.TC_CruisePage" name="navigate2TestCase" time="2.075"/>
  <testcase classname="testScenario.TC_CruisePage" name="navigate2TestCase" time="3.022"/>
</testsuite> <!-- testScenario.TC_CruisePage -->
