<?xml version="1.0" encoding="UTF-8"?>
<!-- Generated by org.testng.reporters.JUnitReportReporter -->
<testsuite hostname="LTIN508068" failures="0" tests="7" name="testScenario.TC_HomePage" time="4.904" errors="0" timestamp="2024-04-11T20:47:54 IST" skipped="0">
  <testcase classname="testScenario.TC_HomePage" name="clickonHotelsTestCase" time="0.351"/>
  <testcase classname="testScenario.TC_HomePage" name="moveToMoreTestCase" time="0.190"/>
  <testcase classname="testScenario.TC_HomePage" name="selectCruiseFromMoreListTestCase" time="1.146"/>
  <testcase classname="testScenario.TC_HomePage" name="navigate2TestCase" time="1.668"/>
  <testcase classname="testScenario.TC_HomePage" name="moveToMore2TestCase" time="0.476"/>
  <testcase classname="testScenario.TC_HomePage" name="selectGiftFromMoreListTestCase" time="1.012"/>
  <testcase classname="testScenario.TC_HomePage" name="switchToGiftVoucherTestCase" time="0.061"/>
</testsuite> <!-- testScenario.TC_HomePage -->
