<?xml version="1.0" encoding="UTF-8"?>
<!-- Generated by org.testng.reporters.JUnitReportReporter -->
<testsuite hostname="LTIN508068" failures="0" tests="5" name="testScenario.TC_CruisePage" time="4.825" errors="0" timestamp="2024-04-12T15:05:46 IST" skipped="0">
  <testcase classname="testScenario.TC_CruisePage" name="moveToMoreTestCase" time="0.340"/>
  <testcase classname="testScenario.TC_CruisePage" name="selectCruiseFromMoreListTestCase" time="0.614"/>
  <testcase classname="testScenario.TC_CruisePage" name="clickonReadMoreTestCase" time="1.633"/>
  <testcase classname="testScenario.TC_CruisePage" name="printInclusionPointsTestCase" time="0.298"/>
  <testcase classname="testScenario.TC_CruisePage" name="navigate2TestCase" time="1.940"/>
</testsuite> <!-- testScenario.TC_CruisePage -->
