<?xml version="1.0" encoding="UTF-8"?>
<!-- Generated by org.testng.reporters.JUnitReportReporter -->
<testsuite hostname="LTIN508068" failures="0" tests="5" name="testScenario.TC_GiftVoucherPage" time="5.033" errors="0" timestamp="2024-04-15T15:12:01 IST" skipped="0">
  <testcase classname="testScenario.TC_GiftVoucherPage" name="moveToMore2TestCase" time="0.139"/>
  <testcase classname="testScenario.TC_GiftVoucherPage" name="selectGiftFromMoreListTestCase" time="1.068"/>
  <testcase classname="testScenario.TC_GiftVoucherPage" name="switchToGiftVoucherTestCase" time="0.172"/>
  <testcase classname="testScenario.TC_GiftVoucherPage" name="checkForPhoneToolTipTestCase" time="2.009"/>
  <testcase classname="testScenario.TC_GiftVoucherPage" name="checkForEmailToolTipTestCase" time="1.645"/>
</testsuite> <!-- testScenario.TC_GiftVoucherPage -->
