<?xml version="1.0" encoding="UTF-8"?>
<!-- Generated by org.testng.reporters.JUnitReportReporter -->
<<<<<<< HEAD
<testsuite hostname="LTIN508068" failures="0" tests="5" name="testScenario.TC_CruisePage" time="6.710" errors="0" timestamp="2024-04-16T15:40:09 IST" skipped="0">
  <testcase classname="testScenario.TC_CruisePage" name="moveToMoreTestCase" time="0.158"/>
  <testcase classname="testScenario.TC_CruisePage" name="selectCruiseFromMoreListTestCase" time="0.610"/>
  <testcase classname="testScenario.TC_CruisePage" name="clickonReadMoreTestCase" time="3.081"/>
  <testcase classname="testScenario.TC_CruisePage" name="printInclusionPointsTestCase" time="0.280"/>
  <testcase classname="testScenario.TC_CruisePage" name="navigate2TestCase" time="2.581"/>
=======
<<<<<<< HEAD
<testsuite hostname="LTIN508068" failures="0" tests="10" name="testScenario.TC_CruisePage" time="6.777" errors="0" timestamp="2024-04-13T10:36:55 IST" skipped="0">
  <testcase classname="testScenario.TC_CruisePage" name="moveToMoreTestCase" time="0.407"/>
  <testcase classname="testScenario.TC_CruisePage" name="moveToMoreTestCase" time="0.277"/>
  <testcase classname="testScenario.TC_CruisePage" name="selectCruiseFromMoreListTestCase" time="0.685"/>
  <testcase classname="testScenario.TC_CruisePage" name="selectCruiseFromMoreListTestCase" time="0.543"/>
  <testcase classname="testScenario.TC_CruisePage" name="clickonReadMoreTestCase" time="0.804"/>
  <testcase classname="testScenario.TC_CruisePage" name="clickonReadMoreTestCase" time="0.961"/>
  <testcase classname="testScenario.TC_CruisePage" name="printInclusionPointsTestCase" time="0.197"/>
  <testcase classname="testScenario.TC_CruisePage" name="printInclusionPointsTestCase" time="0.166"/>
  <testcase classname="testScenario.TC_CruisePage" name="navigate2TestCase" time="1.384"/>
  <testcase classname="testScenario.TC_CruisePage" name="navigate2TestCase" time="1.353"/>
=======
<testsuite hostname="LTIN508068" failures="0" tests="5" name="testScenario.TC_CruisePage" time="4.255" errors="0" timestamp="2024-04-15T15:12:01 IST" skipped="0">
  <testcase classname="testScenario.TC_CruisePage" name="moveToMoreTestCase" time="0.161"/>
  <testcase classname="testScenario.TC_CruisePage" name="selectCruiseFromMoreListTestCase" time="0.725"/>
  <testcase classname="testScenario.TC_CruisePage" name="clickonReadMoreTestCase" time="1.783"/>
  <testcase classname="testScenario.TC_CruisePage" name="printInclusionPointsTestCase" time="0.154"/>
  <testcase classname="testScenario.TC_CruisePage" name="navigate2TestCase" time="1.432"/>
>>>>>>> 300e14270dad51d3da2c6b51a267b13b91df6fdb
>>>>>>> origin/main
</testsuite> <!-- testScenario.TC_CruisePage -->
