<?xml version="1.0" encoding="UTF-8"?>
<!-- Generated by org.testng.reporters.JUnitReportReporter -->
<testsuite hostname="LTIN508068" failures="0" tests="10" name="testScenario.TC_CruisePage" time="7.269" errors="0" timestamp="2024-04-13T10:09:09 IST" skipped="0">
  <testcase classname="testScenario.TC_CruisePage" name="moveToMoreTestCase" time="0.317"/>
  <testcase classname="testScenario.TC_CruisePage" name="moveToMoreTestCase" time="0.337"/>
  <testcase classname="testScenario.TC_CruisePage" name="selectCruiseFromMoreListTestCase" time="0.611"/>
  <testcase classname="testScenario.TC_CruisePage" name="selectCruiseFromMoreListTestCase" time="0.837"/>
  <testcase classname="testScenario.TC_CruisePage" name="clickonReadMoreTestCase" time="1.101"/>
  <testcase classname="testScenario.TC_CruisePage" name="clickonReadMoreTestCase" time="0.984"/>
  <testcase classname="testScenario.TC_CruisePage" name="printInclusionPointsTestCase" time="0.191"/>
  <testcase classname="testScenario.TC_CruisePage" name="printInclusionPointsTestCase" time="0.201"/>
  <testcase classname="testScenario.TC_CruisePage" name="navigate2TestCase" time="1.397"/>
  <testcase classname="testScenario.TC_CruisePage" name="navigate2TestCase" time="1.293"/>
</testsuite> <!-- testScenario.TC_CruisePage -->
