<?xml version="1.0" encoding="UTF-8"?>
<!-- Generated by org.testng.reporters.JUnitReportReporter -->
<testsuite hostname="LTIN508068" failures="0" tests="10" name="testScenario.TC_HotelsPage" time="25.205" errors="0" timestamp="2024-04-17T15:41:14 IST" skipped="0">
  <testcase classname="testScenario.TC_HotelsPage" name="clickonHotelsTestCase" time="0.228"/>
  <testcase classname="testScenario.TC_HotelsPage" name="selectCityTestCase" time="3.439"/>
  <testcase classname="testScenario.TC_HotelsPage" name="selectCheckoutDateTestCase" time="1.017"/>
  <testcase classname="testScenario.TC_HotelsPage" name="clickonTravellerDropDownTestCase" time="0.099"/>
  <testcase classname="testScenario.TC_HotelsPage" name="addTravellersTestCase" time="0.120"/>
  <testcase classname="testScenario.TC_HotelsPage" name="clickonSearchButtonTestCase" time="3.106"/>
  <testcase classname="testScenario.TC_HotelsPage" name="clickonUserRatingTestCase" time="1.970"/>
  <testcase classname="testScenario.TC_HotelsPage" name="selectAllAminitiesTestCase" time="10.541"/>
  <testcase classname="testScenario.TC_HotelsPage" name="displayHotelNamesAndPricesTestCase" time="3.199"/>
  <testcase classname="testScenario.TC_HotelsPage" name="navigateHomepageTestCase" time="1.486"/>
</testsuite> <!-- testScenario.TC_HotelsPage -->
