<?xml version="1.0" encoding="UTF-8"?>
<!-- Generated by org.testng.reporters.JUnitReportReporter -->
<testsuite hostname="LTIN508068" failures="0" tests="3" name="testrunner.TestRunner" time="55.767" errors="0" timestamp="2024-04-16T21:08:12 IST" skipped="0">
  <testcase classname="testrunner.TestRunner" name="runScenario" time="34.074"/>
  <testcase classname="testrunner.TestRunner" name="runScenario" time="12.934"/>
  <testcase classname="testrunner.TestRunner" name="runScenario" time="8.759"/>
</testsuite> <!-- testrunner.TestRunner -->
