<?xml version="1.0" encoding="UTF-8"?>
<!-- Generated by org.testng.reporters.JUnitReportReporter -->
<testsuite hostname="LTIN508068" failures="0" tests="3" name="testrunner.TestRunner" time="70.854" errors="0" timestamp="2024-04-17T21:44:28 IST" skipped="0">
  <testcase classname="testrunner.TestRunner" name="runScenario" time="17.106"/>
  <testcase classname="testrunner.TestRunner" name="runScenario" time="42.633"/>
  <testcase classname="testrunner.TestRunner" name="runScenario" time="11.115"/>
</testsuite> <!-- testrunner.TestRunner -->
